生成启动时间为 2017/4/1 11:12:25。
     1>项目“D:\LearnC++Primer\aboutstring\aboutstring\aboutstring.vcxproj”在节点 2 上(Build 个目标)。
     1>ClCompile:
         C:\Program Files (x86)\Microsoft Visual Studio 12.0\VC\bin\CL.exe /c /ZI /nologo /W3 /WX- /sdl /Od /Oy- /D WIN32 /D _DEBUG /D _CONSOLE /D _LIB /D _UNICODE /D UNICODE /Gm /EHsc /RTC1 /MDd /GS /fp:precise /Zc:wchar_t /Zc:forScope /Fo"Debug\\" /Fd"Debug\vc120.pdb" /Gd /TP /analyze- /errorReport:prompt uddunew.cpp
         uddunew.cpp
     1>d:\learnc++primer\aboutstring\aboutstring\uddunew.cpp(24): warning C4018: “<”: 有符号/无符号不匹配
       Link:
         C:\Program Files (x86)\Microsoft Visual Studio 12.0\VC\bin\link.exe /ERRORREPORT:PROMPT /OUT:"D:\LearnC++Primer\aboutstring\Debug\aboutstring.exe" /INCREMENTAL /NOLOGO kernel32.lib user32.lib gdi32.lib winspool.lib comdlg32.lib advapi32.lib shell32.lib ole32.lib oleaut32.lib uuid.lib odbc32.lib odbccp32.lib /MANIFEST /MANIFESTUAC:"level='asInvoker' uiAccess='false'" /manifest:embed /DEBUG /PDB:"D:\LearnC++Primer\aboutstring\Debug\aboutstring.pdb" /SUBSYSTEM:CONSOLE /TLBID:1 /DYNAMICBASE /NXCOMPAT /IMPLIB:"D:\LearnC++Primer\aboutstring\Debug\aboutstring.lib" /MACHINE:X86 Debug\2ways.obj
         Debug\aboutstring.obj
         Debug\aboutUnsigned.obj
         Debug\changpian.obj
         Debug\fanzhuanzengjiazifuchuan.obj
         Debug\FindWord.obj
         Debug\secretbaowen.obj
         Debug\toutiao.obj
         Debug\uddu.obj
         Debug\uddunew.obj
         Debug\wanmei.obj
         Debug\zuhe.obj
         aboutstring.vcxproj -> D:\LearnC++Primer\aboutstring\Debug\aboutstring.exe
     1>已完成生成项目“D:\LearnC++Primer\aboutstring\aboutstring\aboutstring.vcxproj”(Build 个目标)的操作。

生成成功。

已用时间 00:00:05.25
